{"message": "D\u00e9but du pipeline de traitement des donn\u00e9es. R\u00e9pertoire d'entr\u00e9e : data/input", "taskName": null, "event": "pipeline_start", "input_dir": "data/input"}
{"message": "D\u00e9but du pipeline de traitement des donn\u00e9es. R\u00e9pertoire d'entr\u00e9e : data/input", "taskName": null, "event": "pipeline_start", "input_dir": "data/input"}
{"message": "Traitement du fichier CSV : data/input/transactions_test.csv", "taskName": null, "event": "file_processing", "file": "data/input/transactions_test.csv"}
{"message": "Erreur lors du traitement du CSV data/input/transactions_test.csv: Missing optional dependency 'pyarrow'.  Use pip or conda to install pyarrow.", "taskName": null, "event": "file_processing_failed", "file": "data/input/transactions_test.csv", "error": "Missing optional dependency 'pyarrow'.  Use pip or conda to install pyarrow."}
{"message": "Erreur lors du traitement du fichier data/input/transactions_test.csv: Missing optional dependency 'pyarrow'.  Use pip or conda to install pyarrow.", "taskName": null, "event": "file_processing_failure", "file": "data/input/transactions_test.csv", "error": "Missing optional dependency 'pyarrow'.  Use pip or conda to install pyarrow."}
{"message": "D\u00e9but du pipeline de traitement des donn\u00e9es. R\u00e9pertoire d'entr\u00e9e : data/input", "taskName": null, "event": "pipeline_start", "input_dir": "data/input"}
{"message": "Traitement du fichier CSV : data/input/transactions_test.csv", "taskName": null, "event": "file_processing", "file": "data/input/transactions_test.csv"}
{"message": "Erreur lors du traitement du CSV data/input/transactions_test.csv: Missing optional dependency 'pyarrow'.  Use pip or conda to install pyarrow.", "taskName": null, "event": "file_processing_failed", "file": "data/input/transactions_test.csv", "error": "Missing optional dependency 'pyarrow'.  Use pip or conda to install pyarrow."}
{"message": "Erreur lors du traitement du fichier data/input/transactions_test.csv: Missing optional dependency 'pyarrow'.  Use pip or conda to install pyarrow.", "taskName": null, "event": "file_processing_failure", "file": "data/input/transactions_test.csv", "error": "Missing optional dependency 'pyarrow'.  Use pip or conda to install pyarrow."}
{"message": "Total de transactions valides collect\u00e9es : 0", "taskName": null, "event": "total_valid_collected", "count": 0}
{"message": "Aucune transaction valide \u00e0 rapporter.", "taskName": null, "event": "no_valid_transactions_for_report"}
{"message": "Pipeline de traitement des donn\u00e9es termin\u00e9.", "taskName": null, "event": "pipeline_end"}
{"message": "D\u00e9but du pipeline de traitement des donn\u00e9es. R\u00e9pertoire d'entr\u00e9e : data/input", "taskName": null, "event": "pipeline_start", "input_dir": "data/input"}
{"message": "Traitement du fichier CSV : data/input/transactions_test.csv", "taskName": null, "event": "file_processing", "file": "data/input/transactions_test.csv"}
{"message": "Fichier CSV trait\u00e9 : data/input/transactions_test.csv", "taskName": null, "event": "file_processed_success", "file": "data/input/transactions_test.csv", "rows": 5}
{"message": "Fichier trait\u00e9 avec succ\u00e8s : data/input/transactions_test.csv. D\u00e9but validation...", "taskName": null, "event": "file_processed_successfully", "file": "data/input/transactions_test.csv", "rows_before_validation": 5}
{"message": "D\u00e9but de la validation des 5 transactions...", "taskName": null, "event": "validation_start", "total_transactions": 5}
{"message": "Transaction invalide d\u00e9tect\u00e9e.", "taskName": null, "event": "transaction_invalid", "transaction_index": 0, "masked_data": {"Montant": "***0000", "Devise": "***F   ", "IBAN_Emetteur": "*************************0123", "IBAN_Beneficiaire": "*************************0987", "BIC_SWIFT": "******LCM "}}
{"message": "Transaction invalide d\u00e9tect\u00e9e.", "taskName": null, "event": "transaction_invalid", "transaction_index": 1, "masked_data": {"Montant": "****", "Devise": "***R   ", "IBAN_Emetteur": "*************************185 ", "IBAN_Beneficiaire": "*************************    ", "BIC_SWIFT": "******EFF "}}
{"message": "Transaction invalide d\u00e9tect\u00e9e.", "taskName": null, "event": "transaction_invalid", "transaction_index": 2, "masked_data": {"Montant": "****0000", "Devise": "***F   ", "IBAN_Emetteur": "*************************0124", "IBAN_Beneficiaire": "*************************0988", "BIC_SWIFT": "******HAC "}}
{"message": "Transaction invalide d\u00e9tect\u00e9e.", "taskName": null, "event": "transaction_invalid", "transaction_index": 3, "masked_data": {"Montant": "****", "Devise": "***Y   ", "IBAN_Emetteur": "*************************    ", "IBAN_Beneficiaire": "*************************    ", "BIC_SWIFT": "******PJT "}}
{"message": "Transaction invalide d\u00e9tect\u00e9e.", "taskName": null, "event": "transaction_invalid", "transaction_index": 4, "masked_data": {"Montant": "****", "Devise": "***D   ", "IBAN_Emetteur": "*************************    ", "IBAN_Beneficiaire": "*************************    ", "BIC_SWIFT": "******BIC "}}
{"message": "Validation termin\u00e9e. Valides : 0, Invalides : 5", "taskName": null, "event": "validation_end", "valid_transactions": 0, "invalid_transactions": 5}
{"message": "5 transactions invalides extraites de data/input/transactions_test.csv", "taskName": null, "event": "invalid_transactions_collected", "file": "data/input/transactions_test.csv", "invalid_count": 5}
{"message": "Transactions invalides sauvegard\u00e9es dans data/quarantine/invalid_transactions_transactions_test.csv", "taskName": null, "event": "invalid_transactions_saved", "file": "data/quarantine/invalid_transactions_transactions_test.csv"}
{"message": "Total de transactions valides collect\u00e9es : 0", "taskName": null, "event": "total_valid_collected", "count": 0}
{"message": "Aucune transaction valide \u00e0 rapporter.", "taskName": null, "event": "no_valid_transactions_for_report"}
{"message": "Pipeline de traitement des donn\u00e9es termin\u00e9.", "taskName": null, "event": "pipeline_end"}
{"message": "D\u00e9but du pipeline de traitement des donn\u00e9es. R\u00e9pertoire d'entr\u00e9e : data/input", "taskName": null, "event": "pipeline_start", "input_dir": "data/input"}
{"message": "Aucun nouveau fichier \u00e0 traiter.", "taskName": null, "event": "pipeline_no_new_files"}
{"message": "D\u00e9but du pipeline de traitement des donn\u00e9es. R\u00e9pertoire d'entr\u00e9e : data/input", "taskName": null, "event": "pipeline_start", "input_dir": "data/input"}
{"message": "Traitement du fichier CSV : data/input/transactions_test.csv", "taskName": null, "event": "file_processing", "file": "data/input/transactions_test.csv"}
{"message": "Fichier CSV trait\u00e9 : data/input/transactions_test.csv", "taskName": null, "event": "file_processed_success", "file": "data/input/transactions_test.csv", "rows": 5}
{"message": "Fichier trait\u00e9 avec succ\u00e8s : data/input/transactions_test.csv. D\u00e9but validation...", "taskName": null, "event": "file_processed_successfully", "file": "data/input/transactions_test.csv", "rows_before_validation": 5}
{"message": "D\u00e9but de la validation des 5 transactions...", "taskName": null, "event": "validation_start", "total_transactions": 5}
{"message": "Transaction invalide d\u00e9tect\u00e9e.", "taskName": null, "event": "transaction_invalid", "transaction_index": 0, "masked_data": {"Montant": "***0000", "Devise": "***", "IBAN_Emetteur": "************************0123", "IBAN_Beneficiaire": "************************0987", "BIC_SWIFT": "****MLCM"}}
{"message": "Transaction invalide d\u00e9tect\u00e9e.", "taskName": null, "event": "transaction_invalid", "transaction_index": 1, "masked_data": {"Montant": "****", "Devise": "***", "IBAN_Emetteur": "***********************0185", "IBAN_Beneficiaire": "******************3000", "BIC_SWIFT": "****DEFF"}}
{"message": "Transaction invalide d\u00e9tect\u00e9e.", "taskName": null, "event": "transaction_invalid", "transaction_index": 2, "masked_data": {"Montant": "****0000", "Devise": "***", "IBAN_Emetteur": "************************0124", "IBAN_Beneficiaire": "************************0988", "BIC_SWIFT": "****GHAC"}}
{"message": "Transaction invalide d\u00e9tect\u00e9e.", "taskName": null, "event": "transaction_invalid", "transaction_index": 3, "masked_data": {"Montant": "****", "Devise": "***", "IBAN_Emetteur": "***********0123", "IBAN_Beneficiaire": "***********0987", "BIC_SWIFT": "****JPJT"}}
{"message": "Transaction invalide d\u00e9tect\u00e9e.", "taskName": null, "event": "transaction_invalid", "transaction_index": 4, "masked_data": {"Montant": "****", "Devise": "***", "IBAN_Emetteur": "******5678", "IBAN_Beneficiaire": "******************6819", "BIC_SWIFT": "****DBIC"}}
{"message": "Validation termin\u00e9e. Valides : 0, Invalides : 5", "taskName": null, "event": "validation_end", "valid_transactions": 0, "invalid_transactions": 5}
{"message": "5 transactions invalides extraites de data/input/transactions_test.csv", "taskName": null, "event": "invalid_transactions_collected", "file": "data/input/transactions_test.csv", "invalid_count": 5}
{"message": "Transactions invalides sauvegard\u00e9es dans data/quarantine/invalid_transactions_transactions_test.csv", "taskName": null, "event": "invalid_transactions_saved", "file": "data/quarantine/invalid_transactions_transactions_test.csv"}
{"message": "Total de transactions valides collect\u00e9es : 0", "taskName": null, "event": "total_valid_collected", "count": 0}
{"message": "Aucune transaction valide \u00e0 rapporter.", "taskName": null, "event": "no_valid_transactions_for_report"}
{"message": "Pipeline de traitement des donn\u00e9es termin\u00e9.", "taskName": null, "event": "pipeline_end"}
{"message": "D\u00e9but du pipeline de traitement des donn\u00e9es. R\u00e9pertoire d'entr\u00e9e : data/input", "taskName": null, "event": "pipeline_start", "input_dir": "data/input"}
{"message": "Aucun nouveau fichier \u00e0 traiter.", "taskName": null, "event": "pipeline_no_new_files"}
{"message": "D\u00e9but du pipeline de traitement des donn\u00e9es. R\u00e9pertoire d'entr\u00e9e : data/input", "taskName": null, "event": "pipeline_start", "input_dir": "data/input"}
{"message": "Traitement du fichier CSV : data/input/transactions_test.csv", "taskName": null, "event": "file_processing", "file": "data/input/transactions_test.csv"}
{"message": "Fichier CSV trait\u00e9 : data/input/transactions_test.csv", "taskName": null, "event": "file_processed_success", "file": "data/input/transactions_test.csv", "rows": 5}
{"message": "Fichier trait\u00e9 avec succ\u00e8s : data/input/transactions_test.csv. D\u00e9but validation...", "taskName": null, "event": "file_processed_successfully", "file": "data/input/transactions_test.csv", "rows_before_validation": 5}
{"message": "D\u00e9but de la validation des 5 transactions...", "taskName": null, "event": "validation_start", "total_transactions": 5}
{"message": "Transaction invalide d\u00e9tect\u00e9e.", "taskName": null, "event": "transaction_invalid", "transaction_index": 0, "masked_data": {"Montant": "***0000", "Devise": "***", "IBAN_Emetteur": "************************0123", "IBAN_Beneficiaire": "************************0987", "BIC_SWIFT": "****MLCM"}}
{"message": "Transaction invalide d\u00e9tect\u00e9e.", "taskName": null, "event": "transaction_invalid", "transaction_index": 1, "masked_data": {"Montant": "****", "Devise": "***", "IBAN_Emetteur": "***********************0185", "IBAN_Beneficiaire": "******************3000", "BIC_SWIFT": "****DEFF"}}
{"message": "Transaction invalide d\u00e9tect\u00e9e.", "taskName": null, "event": "transaction_invalid", "transaction_index": 2, "masked_data": {"Montant": "****0000", "Devise": "***", "IBAN_Emetteur": "************************0124", "IBAN_Beneficiaire": "************************0988", "BIC_SWIFT": "****GHAC"}}
{"message": "Transaction invalide d\u00e9tect\u00e9e.", "taskName": null, "event": "transaction_invalid", "transaction_index": 3, "masked_data": {"Montant": "****", "Devise": "***", "IBAN_Emetteur": "***********0123", "IBAN_Beneficiaire": "***********0987", "BIC_SWIFT": "****JPJT"}}
{"message": "Transaction invalide d\u00e9tect\u00e9e.", "taskName": null, "event": "transaction_invalid", "transaction_index": 4, "masked_data": {"Montant": "****", "Devise": "***", "IBAN_Emetteur": "******5678", "IBAN_Beneficiaire": "******************6819", "BIC_SWIFT": "****DBIC"}}
{"message": "Validation termin\u00e9e. Valides : 0, Invalides : 5", "taskName": null, "event": "validation_end", "valid_transactions": 0, "invalid_transactions": 5}
{"message": "5 transactions invalides extraites de data/input/transactions_test.csv", "taskName": null, "event": "invalid_transactions_collected", "file": "data/input/transactions_test.csv", "invalid_count": 5}
{"message": "Transactions invalides sauvegard\u00e9es dans data/quarantine/invalid_transactions_transactions_test.csv", "taskName": null, "event": "invalid_transactions_saved", "file": "data/quarantine/invalid_transactions_transactions_test.csv"}
{"message": "Total de transactions valides collect\u00e9es : 0", "taskName": null, "event": "total_valid_collected", "count": 0}
{"message": "Aucune transaction valide \u00e0 rapporter.", "taskName": null, "event": "no_valid_transactions_for_report"}
{"message": "Pipeline de traitement des donn\u00e9es termin\u00e9.", "taskName": null, "event": "pipeline_end"}
{"message": "D\u00e9but du pipeline de traitement des donn\u00e9es. R\u00e9pertoire d'entr\u00e9e : data/input", "taskName": null, "event": "pipeline_start", "input_dir": "data/input"}
{"message": "Traitement du fichier CSV : data/input/transactions_test.csv", "taskName": null, "event": "file_processing", "file": "data/input/transactions_test.csv"}
{"message": "Fichier CSV trait\u00e9 : data/input/transactions_test.csv", "taskName": null, "event": "file_processed_success", "file": "data/input/transactions_test.csv", "rows": 5}
{"message": "Fichier trait\u00e9 avec succ\u00e8s : data/input/transactions_test.csv. D\u00e9but validation...", "taskName": null, "event": "file_processed_successfully", "file": "data/input/transactions_test.csv", "rows_before_validation": 5}
{"message": "D\u00e9but de la validation des 5 transactions...", "taskName": null, "event": "validation_start", "total_transactions": 5}
{"message": "Transaction invalide d\u00e9tect\u00e9e.", "taskName": null, "event": "transaction_invalid", "transaction_index": 0, "masked_data": {"Montant": "***0000", "Devise": "***", "IBAN_Emetteur": "************************0123", "IBAN_Beneficiaire": "************************0987", "BIC_SWIFT": "****MLCM"}}
{"message": "Transaction invalide d\u00e9tect\u00e9e.", "taskName": null, "event": "transaction_invalid", "transaction_index": 1, "masked_data": {"Montant": "****", "Devise": "***", "IBAN_Emetteur": "***********************0185", "IBAN_Beneficiaire": "******************3000", "BIC_SWIFT": "****DEFF"}}
{"message": "Transaction invalide d\u00e9tect\u00e9e.", "taskName": null, "event": "transaction_invalid", "transaction_index": 2, "masked_data": {"Montant": "****0000", "Devise": "***", "IBAN_Emetteur": "************************0124", "IBAN_Beneficiaire": "************************0988", "BIC_SWIFT": "****GHAC"}}
{"message": "Transaction invalide d\u00e9tect\u00e9e.", "taskName": null, "event": "transaction_invalid", "transaction_index": 3, "masked_data": {"Montant": "****", "Devise": "***", "IBAN_Emetteur": "***********0123", "IBAN_Beneficiaire": "***********0987", "BIC_SWIFT": "****JPJT"}}
{"message": "Transaction invalide d\u00e9tect\u00e9e.", "taskName": null, "event": "transaction_invalid", "transaction_index": 4, "masked_data": {"Montant": "****", "Devise": "***", "IBAN_Emetteur": "******5678", "IBAN_Beneficiaire": "******************6819", "BIC_SWIFT": "****DBIC"}}
{"message": "Validation termin\u00e9e. Valides : 0, Invalides : 5", "taskName": null, "event": "validation_end", "valid_transactions": 0, "invalid_transactions": 5}
{"message": "5 transactions invalides extraites de data/input/transactions_test.csv", "taskName": null, "event": "invalid_transactions_collected", "file": "data/input/transactions_test.csv", "invalid_count": 5}
{"message": "Transactions invalides sauvegard\u00e9es dans data/quarantine/invalid_transactions_transactions_test.csv", "taskName": null, "event": "invalid_transactions_saved", "file": "data/quarantine/invalid_transactions_transactions_test.csv"}
{"message": "Total de transactions valides collect\u00e9es : 0", "taskName": null, "event": "total_valid_collected", "count": 0}
{"message": "Aucune transaction valide \u00e0 rapporter.", "taskName": null, "event": "no_valid_transactions_for_report"}
{"message": "Pipeline de traitement des donn\u00e9es termin\u00e9.", "taskName": null, "event": "pipeline_end"}
{"message": "D\u00e9but du pipeline de traitement des donn\u00e9es. R\u00e9pertoire d'entr\u00e9e : data/input", "taskName": null, "event": "pipeline_start", "input_dir": "data/input"}
{"message": "Traitement du fichier CSV : data/input/transactions_test.csv", "taskName": null, "event": "file_processing", "file": "data/input/transactions_test.csv"}
{"message": "Fichier CSV trait\u00e9 : data/input/transactions_test.csv", "taskName": null, "event": "file_processed_success", "file": "data/input/transactions_test.csv", "rows": 5}
{"message": "Fichier trait\u00e9 avec succ\u00e8s : data/input/transactions_test.csv. D\u00e9but validation...", "taskName": null, "event": "file_processed_successfully", "file": "data/input/transactions_test.csv", "rows_before_validation": 5}
{"message": "D\u00e9but de la validation des 5 transactions...", "taskName": null, "event": "validation_start", "total_transactions": 5}
{"message": "Transaction invalide d\u00e9tect\u00e9e.", "taskName": null, "event": "transaction_invalid", "transaction_index": 0, "masked_data": {"Montant": "***0000", "Devise": "***", "IBAN_Emetteur": "************************2345", "IBAN_Beneficiaire": "************************2345", "BIC_SWIFT": "****CIAB"}}
{"message": "Transaction invalide d\u00e9tect\u00e9e.", "taskName": null, "event": "transaction_invalid", "transaction_index": 1, "masked_data": {"Montant": "****", "Devise": "***", "IBAN_Emetteur": "***********************0185", "IBAN_Beneficiaire": "******************3000", "BIC_SWIFT": "****DEFF"}}
{"message": "Transaction invalide d\u00e9tect\u00e9e.", "taskName": null, "event": "transaction_invalid", "transaction_index": 2, "masked_data": {"Montant": "****0000", "Devise": "***", "IBAN_Emetteur": "************************2346", "IBAN_Beneficiaire": "************************2346", "BIC_SWIFT": "****CIAB"}}
{"message": "Transaction invalide d\u00e9tect\u00e9e.", "taskName": null, "event": "transaction_invalid", "transaction_index": 3, "masked_data": {"Montant": "****", "Devise": "***", "IBAN_Emetteur": "*********************1234", "IBAN_Beneficiaire": "*********************1234", "BIC_SWIFT": "****JP3T"}}
{"message": "Transaction invalide d\u00e9tect\u00e9e.", "taskName": null, "event": "transaction_invalid", "transaction_index": 4, "masked_data": {"Montant": "****", "Devise": "***", "IBAN_Emetteur": "******************2345", "IBAN_Beneficiaire": "******************6819", "BIC_SWIFT": "****USNY"}}
{"message": "Validation termin\u00e9e. Valides : 0, Invalides : 5", "taskName": null, "event": "validation_end", "valid_transactions": 0, "invalid_transactions": 5}
{"message": "5 transactions invalides extraites de data/input/transactions_test.csv", "taskName": null, "event": "invalid_transactions_collected", "file": "data/input/transactions_test.csv", "invalid_count": 5}
{"message": "Transactions invalides sauvegard\u00e9es dans data/quarantine/invalid_transactions_transactions_test.csv", "taskName": null, "event": "invalid_transactions_saved", "file": "data/quarantine/invalid_transactions_transactions_test.csv"}
{"message": "Total de transactions valides collect\u00e9es : 0", "taskName": null, "event": "total_valid_collected", "count": 0}
{"message": "Aucune transaction valide \u00e0 rapporter.", "taskName": null, "event": "no_valid_transactions_for_report"}
{"message": "Pipeline de traitement des donn\u00e9es termin\u00e9.", "taskName": null, "event": "pipeline_end"}
{"message": "D\u00e9but du pipeline de traitement des donn\u00e9es. R\u00e9pertoire d'entr\u00e9e : data/input", "taskName": null, "event": "pipeline_start", "input_dir": "data/input"}
{"message": "Traitement du fichier CSV : data/input/transactions_test.csv", "taskName": null, "event": "file_processing", "file": "data/input/transactions_test.csv"}
{"message": "Fichier CSV trait\u00e9 : data/input/transactions_test.csv", "taskName": null, "event": "file_processed_success", "file": "data/input/transactions_test.csv", "rows": 5}
{"message": "Fichier trait\u00e9 avec succ\u00e8s : data/input/transactions_test.csv. D\u00e9but validation...", "taskName": null, "event": "file_processed_successfully", "file": "data/input/transactions_test.csv", "rows_before_validation": 5}
{"message": "D\u00e9but de la validation des 5 transactions...", "taskName": null, "event": "validation_start", "total_transactions": 5}
{"message": "Transaction invalide d\u00e9tect\u00e9e.", "taskName": null, "event": "transaction_invalid", "transaction_index": 0, "masked_data": {"Montant": "***0000", "Devise": "***", "IBAN_Emetteur": "************************4567", "IBAN_Beneficiaire": "************************4567", "BIC_SWIFT": "****CI22"}}
{"message": "Transaction invalide d\u00e9tect\u00e9e.", "taskName": null, "event": "transaction_invalid", "transaction_index": 1, "masked_data": {"Montant": "****", "Devise": "***", "IBAN_Emetteur": "***********************0185", "IBAN_Beneficiaire": "******************3000", "BIC_SWIFT": "****DEFF"}}
{"message": "Transaction invalide d\u00e9tect\u00e9e.", "taskName": null, "event": "transaction_invalid", "transaction_index": 2, "masked_data": {"Montant": "****0000", "Devise": "***", "IBAN_Emetteur": "************************4568", "IBAN_Beneficiaire": "************************4568", "BIC_SWIFT": "****CI22"}}
{"message": "Transaction invalide d\u00e9tect\u00e9e.", "taskName": null, "event": "transaction_invalid", "transaction_index": 3, "masked_data": {"Montant": "****", "Devise": "***", "IBAN_Emetteur": "**********************2345", "IBAN_Beneficiaire": "**********************2345", "BIC_SWIFT": "****JPJT"}}
{"message": "Transaction invalide d\u00e9tect\u00e9e.", "taskName": null, "event": "transaction_invalid", "transaction_index": 4, "masked_data": {"Montant": "****", "Devise": "***", "IBAN_Emetteur": "*********************8901", "IBAN_Beneficiaire": "******************6819", "BIC_SWIFT": "****US33"}}
{"message": "Validation termin\u00e9e. Valides : 0, Invalides : 5", "taskName": null, "event": "validation_end", "valid_transactions": 0, "invalid_transactions": 5}
{"message": "5 transactions invalides extraites de data/input/transactions_test.csv", "taskName": null, "event": "invalid_transactions_collected", "file": "data/input/transactions_test.csv", "invalid_count": 5}
{"message": "Transactions invalides sauvegard\u00e9es dans data/quarantine/invalid_transactions_transactions_test.csv", "taskName": null, "event": "invalid_transactions_saved", "file": "data/quarantine/invalid_transactions_transactions_test.csv"}
{"message": "Total de transactions valides collect\u00e9es : 0", "taskName": null, "event": "total_valid_collected", "count": 0}
{"message": "Aucune transaction valide \u00e0 rapporter.", "taskName": null, "event": "no_valid_transactions_for_report"}
{"message": "Pipeline de traitement des donn\u00e9es termin\u00e9.", "taskName": null, "event": "pipeline_end"}
{"message": "D\u00e9but du pipeline de traitement des donn\u00e9es. R\u00e9pertoire d'entr\u00e9e : data/input", "taskName": null, "event": "pipeline_start", "input_dir": "data/input"}
{"message": "Traitement du fichier CSV : data/input/transactions_test.csv", "taskName": null, "event": "file_processing", "file": "data/input/transactions_test.csv"}
{"message": "Fichier CSV trait\u00e9 : data/input/transactions_test.csv", "taskName": null, "event": "file_processed_success", "file": "data/input/transactions_test.csv", "rows": 5}
{"message": "Fichier trait\u00e9 avec succ\u00e8s : data/input/transactions_test.csv. D\u00e9but validation...", "taskName": null, "event": "file_processed_successfully", "file": "data/input/transactions_test.csv", "rows_before_validation": 5}
{"message": "D\u00e9but de la validation des 5 transactions...", "taskName": null, "event": "validation_start", "total_transactions": 5}
{"message": "Transaction invalide d\u00e9tect\u00e9e.", "taskName": null, "event": "transaction_invalid", "transaction_index": 0, "masked_data": {"Montant": "***0000", "Devise": "***", "IBAN_Emetteur": "************************4566", "IBAN_Beneficiaire": "************************4566", "BIC_SWIFT": "****CIA2"}}
{"message": "Transaction invalide d\u00e9tect\u00e9e.", "taskName": null, "event": "transaction_invalid", "transaction_index": 1, "masked_data": {"Montant": "****", "Devise": "***", "IBAN_Emetteur": "***********************0185", "IBAN_Beneficiaire": "******************3000", "BIC_SWIFT": "****DEFF"}}
{"message": "Transaction invalide d\u00e9tect\u00e9e.", "taskName": null, "event": "transaction_invalid", "transaction_index": 2, "masked_data": {"Montant": "****0000", "Devise": "***", "IBAN_Emetteur": "************************4567", "IBAN_Beneficiaire": "************************4567", "BIC_SWIFT": "****CIA2"}}
{"message": "Transaction invalide d\u00e9tect\u00e9e.", "taskName": null, "event": "transaction_invalid", "transaction_index": 3, "masked_data": {"Montant": "****", "Devise": "***", "IBAN_Emetteur": "**********************2345", "IBAN_Beneficiaire": "**********************2345", "BIC_SWIFT": "****JP2T"}}
{"message": "Transaction invalide d\u00e9tect\u00e9e.", "taskName": null, "event": "transaction_invalid", "transaction_index": 4, "masked_data": {"Montant": "****", "Devise": "***", "IBAN_Emetteur": "******************6819", "IBAN_Beneficiaire": "***********************0185", "BIC_SWIFT": "****USA2"}}
{"message": "Validation termin\u00e9e. Valides : 0, Invalides : 5", "taskName": null, "event": "validation_end", "valid_transactions": 0, "invalid_transactions": 5}
{"message": "5 transactions invalides extraites de data/input/transactions_test.csv", "taskName": null, "event": "invalid_transactions_collected", "file": "data/input/transactions_test.csv", "invalid_count": 5}
{"message": "Transactions invalides sauvegard\u00e9es dans data/quarantine/invalid_transactions_transactions_test.csv", "taskName": null, "event": "invalid_transactions_saved", "file": "data/quarantine/invalid_transactions_transactions_test.csv"}
{"message": "Total de transactions valides collect\u00e9es : 0", "taskName": null, "event": "total_valid_collected", "count": 0}
{"message": "Aucune transaction valide \u00e0 rapporter.", "taskName": null, "event": "no_valid_transactions_for_report"}
{"message": "Pipeline de traitement des donn\u00e9es termin\u00e9.", "taskName": null, "event": "pipeline_end"}
{"message": "D\u00e9but du pipeline de traitement des donn\u00e9es. R\u00e9pertoire d'entr\u00e9e : data/input", "taskName": null, "event": "pipeline_start", "input_dir": "data/input"}
{"message": "Traitement du fichier CSV : data/input/transactions_test.csv", "taskName": null, "event": "file_processing", "file": "data/input/transactions_test.csv"}
{"message": "Application du nettoyage des donn\u00e9es...", "taskName": null, "event": "data_cleaning_start"}
{"message": "Nettoyage des donn\u00e9es termin\u00e9.", "taskName": null, "event": "data_cleaning_end"}
{"message": "Fichier CSV trait\u00e9 : data/input/transactions_test.csv", "taskName": null, "event": "file_processed_success", "file": "data/input/transactions_test.csv", "rows": 5}
{"message": "Fichier trait\u00e9 avec succ\u00e8s : data/input/transactions_test.csv. D\u00e9but validation...", "taskName": null, "event": "file_processed_successfully", "file": "data/input/transactions_test.csv", "rows_before_validation": 5}
{"message": "D\u00e9but de la validation des 5 transactions...", "taskName": null, "event": "validation_start", "total_transactions": 5}
{"message": "Transaction invalide d\u00e9tect\u00e9e.", "taskName": null, "event": "transaction_invalid", "transaction_index": 0, "masked_data": {"Montant": "***0000", "Devise": "***", "IBAN_Emetteur": "************************4566", "IBAN_Beneficiaire": "************************4566", "BIC_SWIFT": "****CIA2"}}
{"message": "Transaction invalide d\u00e9tect\u00e9e.", "taskName": null, "event": "transaction_invalid", "transaction_index": 1, "masked_data": {"Montant": "****", "Devise": "***", "IBAN_Emetteur": "***********************0185", "IBAN_Beneficiaire": "******************3000", "BIC_SWIFT": "****DEFF"}}
{"message": "Transaction invalide d\u00e9tect\u00e9e.", "taskName": null, "event": "transaction_invalid", "transaction_index": 2, "masked_data": {"Montant": "****0000", "Devise": "***", "IBAN_Emetteur": "************************4567", "IBAN_Beneficiaire": "************************4567", "BIC_SWIFT": "****CIA2"}}
{"message": "Transaction invalide d\u00e9tect\u00e9e.", "taskName": null, "event": "transaction_invalid", "transaction_index": 3, "masked_data": {"Montant": "****", "Devise": "***", "IBAN_Emetteur": "**********************2345", "IBAN_Beneficiaire": "**********************2345", "BIC_SWIFT": "****JP2T"}}
{"message": "Transaction invalide d\u00e9tect\u00e9e.", "taskName": null, "event": "transaction_invalid", "transaction_index": 4, "masked_data": {"Montant": "****", "Devise": "***", "IBAN_Emetteur": "******************6819", "IBAN_Beneficiaire": "***********************0185", "BIC_SWIFT": "****USA2"}}
{"message": "Validation termin\u00e9e. Valides : 0, Invalides : 5", "taskName": null, "event": "validation_end", "valid_transactions": 0, "invalid_transactions": 5}
{"message": "5 transactions invalides extraites de data/input/transactions_test.csv", "taskName": null, "event": "invalid_transactions_collected", "file": "data/input/transactions_test.csv", "invalid_count": 5}
{"message": "Transactions invalides sauvegard\u00e9es dans data/quarantine/invalid_transactions_transactions_test.csv", "taskName": null, "event": "invalid_transactions_saved", "file": "data/quarantine/invalid_transactions_transactions_test.csv"}
{"message": "Total de transactions valides collect\u00e9es : 0", "taskName": null, "event": "total_valid_collected", "count": 0}
{"message": "Aucune transaction valide \u00e0 rapporter.", "taskName": null, "event": "no_valid_transactions_for_report"}
{"message": "Pipeline de traitement des donn\u00e9es termin\u00e9.", "taskName": null, "event": "pipeline_end"}
{"message": "D\u00e9but du pipeline de traitement des donn\u00e9es. R\u00e9pertoire d'entr\u00e9e : data/input", "taskName": null, "event": "pipeline_start", "input_dir": "data/input"}
{"message": "Traitement du fichier CSV : data/input/transactions_test.csv", "taskName": null, "event": "file_processing", "file": "data/input/transactions_test.csv"}
{"message": "Application du nettoyage des donn\u00e9es...", "taskName": null, "event": "data_cleaning_start"}
{"message": "Nettoyage des donn\u00e9es termin\u00e9.", "taskName": null, "event": "data_cleaning_end"}
{"message": "Fichier CSV trait\u00e9 : data/input/transactions_test.csv", "taskName": null, "event": "file_processed_success", "file": "data/input/transactions_test.csv", "rows": 5}
{"message": "Fichier trait\u00e9 avec succ\u00e8s : data/input/transactions_test.csv. D\u00e9but validation...", "taskName": null, "event": "file_processed_successfully", "file": "data/input/transactions_test.csv", "rows_before_validation": 5}
{"message": "D\u00e9but de la validation des 5 transactions...", "taskName": null, "event": "validation_start", "total_transactions": 5}
{"message": "Transaction invalide d\u00e9tect\u00e9e.", "taskName": null, "event": "transaction_invalid", "transaction_index": 2, "masked_data": {"Montant": "****0000", "Devise": "***", "IBAN_Emetteur": "************************4567", "IBAN_Beneficiaire": "************************4567", "BIC_SWIFT": "****CIA2"}}
{"message": "Transaction invalide d\u00e9tect\u00e9e.", "taskName": null, "event": "transaction_invalid", "transaction_index": 3, "masked_data": {"Montant": "****", "Devise": "***", "IBAN_Emetteur": "**********************2345", "IBAN_Beneficiaire": "**********************2345", "BIC_SWIFT": "****JP2T"}}
{"message": "Validation termin\u00e9e. Valides : 3, Invalides : 2", "taskName": null, "event": "validation_end", "valid_transactions": 3, "invalid_transactions": 2}
{"message": "3 transactions valides extraites de data/input/transactions_test.csv", "taskName": null, "event": "valid_transactions_collected", "file": "data/input/transactions_test.csv", "valid_count": 3}
{"message": "2 transactions invalides extraites de data/input/transactions_test.csv", "taskName": null, "event": "invalid_transactions_collected", "file": "data/input/transactions_test.csv", "invalid_count": 2}
{"message": "Transactions invalides sauvegard\u00e9es dans data/quarantine/invalid_transactions_transactions_test.csv", "taskName": null, "event": "invalid_transactions_saved", "file": "data/quarantine/invalid_transactions_transactions_test.csv"}
{"message": "Total de transactions valides collect\u00e9es : 3", "taskName": null, "event": "total_valid_collected", "count": 3}
{"message": "G\u00e9n\u00e9ration des rapports finaux...", "taskName": null, "event": "report_generation_start"}
{"message": "Rapport PDF g\u00e9n\u00e9r\u00e9 : data/output/rapport_transactions_valides.pdf", "taskName": null, "event": "report_generated", "format": "PDF", "path": "data/output/rapport_transactions_valides.pdf"}
{"message": "Rapport Excel g\u00e9n\u00e9r\u00e9 : data/output/transactions_valides.xlsx", "taskName": null, "event": "report_generated", "format": "Excel", "path": "data/output/transactions_valides.xlsx"}
{"message": "Donn\u00e9es valides nettoy\u00e9es sauvegard\u00e9es : data/output/transactions_valides_nettoyees.csv", "taskName": null, "event": "cleaned_data_saved", "path": "data/output/transactions_valides_nettoyees.csv"}
{"message": "Pipeline de traitement des donn\u00e9es termin\u00e9.", "taskName": null, "event": "pipeline_end"}
